cmd_begin: set 000000000000000000000000000000 0 0 200
timestamp_user: (begin_raw,begin,end)  1460970560760655474 1460970560760751337 1460970560761477823
skb_id: 1460970560760518449 
end_cmd
cmd_begin: set 000000000000000000000000000001 0 0 200
timestamp_user: (begin_raw,begin,end)  1460970560761486318 1460970560761499181 1460970560761599293
skb_id: 1460970560760518449 
end_cmd
cmd_begin: set 000000000000000000000000000002 0 0 200
timestamp_user: (begin_raw,begin,end)  1460970560761608498 1460970560761620461 1460970560761652053
skb_id: 1460970560760518449 
end_cmd
cmd_begin: set 000000000000000000000000000003 0 0 200
timestamp_user: (begin_raw,begin,end)  1460970560761658538 1460970560761670238 1460970560761702368
skb_id: 1460970560760518449 
end_cmd
cmd_begin: set 000000000000000000000000000004 0 0 200
timestamp_user: (begin_raw,begin,end)  1460970560761708691 1460970560761720993 1460970560761748971
skb_id: 1460970560760518449 
end_cmd
cmd_begin: set 000000000000000000000000000005 0 0 200
timestamp_user: (begin_raw,begin,end)  1460970560761755213 1460970560761766896 1460970560761795231
skb_id: 1460970560760518449 
end_cmd
cmd_begin: set 000000000000000000000000000006 0 0 200
timestamp_user: (begin_raw,begin,end)  1460970560761801486 1460970560761813726 1460970560761841821
skb_id: 1460970560760518449 
end_cmd
cmd_begin: set 000000000000000000000000000007 0 0 200
timestamp_user: (begin_raw,begin,end)  1460970560761848314 1460970560761862759 1460970560761885981
skb_id: 1460970560760518449 
end_cmd
cmd_begin: set 000000000000000000000000000008 0 0 200
timestamp_user: (begin_raw,begin,end)  1460970560761891784 1460970560761903641 1460970560761942669
skb_id: 1460970560760518449 
end_cmd
cmd_begin: set 000000000000000000000000000009 0 0 200
timestamp_user: (begin_raw,begin,end)  1460970560761949279 1460970560761961041 1460970560761995486
skb_id: 1460970560760518449 
end_cmd
cmd_begin: get 000000000000000000000000000001
timestamp_user: (begin_raw,begin,end)  1460970562218207610 1460970562218233980 1460970562218269020
skb_id: 1460970562218155448 
end_cmd
cmd_begin: get 000000000000000000000000000005
timestamp_user: (begin_raw,begin,end)  1460970562783713242 1460970562783738975 1460970562783763612
skb_id: 1460970562783661404 
end_cmd
cmd_begin: get 000000000000000000000000000001
timestamp_user: (begin_raw,begin,end)  1460970563048910718 1460970563048936545 1460970563048961190
skb_id: 1460970563048858643 
end_cmd
cmd_begin: get 000000000000000000000000000008
timestamp_user: (begin_raw,begin,end)  1460970564258943000 1460970564258968795 1460970564258993557
skb_id: 1460970564258891124 
end_cmd
cmd_begin: get 000000000000000000000000000009
timestamp_user: (begin_raw,begin,end)  1460970564342011853 1460970564342049023 1460970564342073761
skb_id: 1460970564341960408 
end_cmd
