cmd_begin: set 000000000000000000000000000000 0 0 16384
timestamp_user: (begin_raw,begin,end)  1461160396548633154 1461160396548781256 1461160396549923275
skb_id: 1461160396547906971 1461160396548287687 
end_cmd
cmd_begin: set 000000000000000000000000000001 0 0 16384
timestamp_user: (begin_raw,begin,end)  1461160396549962252 1461160396550047182 1461160396550210389
skb_id: 1461160396548287687 
end_cmd
cmd_begin: set 000000000000000000000000000002 0 0 16384
timestamp_user: (begin_raw,begin,end)  1461160396550676305 1461160396550779650 1461160396551244123
skb_id: 1461160396548550834 
end_cmd
cmd_begin: set 000000000000000000000000000003 0 0 16384
timestamp_user: (begin_raw,begin,end)  1461160396551280655 1461160396551346561 1461160396551752751
skb_id: 1461160396548550834 1461160396548826532 
end_cmd
cmd_begin: set 000000000000000000000000000004 0 0 16384
timestamp_user: (begin_raw,begin,end)  1461160396552122570 1461160396552194374 1461160396552719613
skb_id: 1461160396548826532 1461160396550392485 
end_cmd
cmd_begin: get 000000000000000000000000000004
timestamp_user: (begin_raw,begin,end)  1461160398946287221 1461160398946393064 1461160398946541552
skb_id: 1461160398946201921 
end_cmd
cmd_begin: get 000000000000000000000000000001
timestamp_user: (begin_raw,begin,end)  1461160399587319465 1461160399587429122 1461160399587569433
skb_id: 1461160399587252093 
end_cmd
cmd_begin: get 000000000000000000000000000001
timestamp_user: (begin_raw,begin,end)  1461160399772060558 1461160399772117033 1461160399772256145
skb_id: 1461160399771979939 
end_cmd
cmd_begin: get 000000000000000000000000000004
timestamp_user: (begin_raw,begin,end)  1461160400358887252 1461160400358977957 1461160400359082369
skb_id: 1461160400358818599 
end_cmd
