cmd_begin: set 000000000000000000000000000000 0 0 16384
timestamp_user: (begin_raw,begin,end)  1461160244152295774 1461160244152354167 1461160244153361653
skb_id: 1461160244152075270 
end_cmd
cmd_begin: set 000000000000000000000000000001 0 0 16384
timestamp_user: (begin_raw,begin,end)  1461160244153776701 1461160244153798370 1461160244154112226
skb_id: 1461160244152416403 1461160244152643059 
end_cmd
cmd_begin: set 000000000000000000000000000002 0 0 16384
timestamp_user: (begin_raw,begin,end)  1461160244154119360 1461160244154130866 1461160244154434647
skb_id: 1461160244152643059 1461160244152998058 
end_cmd
cmd_begin: set 000000000000000000000000000003 0 0 16384
timestamp_user: (begin_raw,begin,end)  1461160244154683851 1461160244154703383 1461160244155011962
skb_id: 1461160244152998058 
end_cmd
cmd_begin: set 000000000000000000000000000004 0 0 16384
timestamp_user: (begin_raw,begin,end)  1461160244155019331 1461160244155030654 1461160244155334134
skb_id: 1461160244152998058 1461160244153735366 
end_cmd
cmd_begin: get 000000000000000000000000000004
timestamp_user: (begin_raw,begin,end)  1461160246548923594 1461160246548949719 1461160246549009004
skb_id: 1461160246548871984 
end_cmd
cmd_begin: get 000000000000000000000000000001
timestamp_user: (begin_raw,begin,end)  1461160247189922804 1461160247189948596 1461160247189990006
skb_id: 1461160247189871416 
end_cmd
cmd_begin: get 000000000000000000000000000001
timestamp_user: (begin_raw,begin,end)  1461160247374698097 1461160247374724010 1461160247374767992
skb_id: 1461160247374645367 
end_cmd
cmd_begin: get 000000000000000000000000000004
timestamp_user: (begin_raw,begin,end)  1461160247961513240 1461160247961563873 1461160247961602215
skb_id: 1461160247961462913 
end_cmd
