cmd: set 000000000000000000000000000000 0 0 16384
timestamp_user: (begin,end)  1461335982859139190 1461335982860794994
overhead_delete_id_cmd: ((begin,end),...) 1461335982859168649 1461335982859173587 
overhead_delete_id_data: ((begin,end),...) 1461335982860541353 
skb_id: 1461335982859041621 1461335982859073443 1461335982859646394 
end_cmd
cmd: set 000000000000000000000000000001 0 0 16384
timestamp_user: (begin,end)  1461335982861517531 1461335982861956238
overhead_delete_id_cmd: ((begin,end),...) 1461335982861519137 1461335982861521842 
overhead_delete_id_move: ((begin,end),...) 1461335982861643950 1461335982861922698 
skb_id: 1461335982859646394 
end_cmd
cmd: set 000000000000000000000000000002 0 0 16384
timestamp_user: (begin,end)  1461335982861958289 1461335982862279035
overhead_delete_id_cmd: ((begin,end),...) 1461335982861958880 1461335982861960203 
overhead_delete_id_data: ((begin,end),...) 1461335982862252798 
overhead_delete_id_move: ((begin,end),...) 1461335982862061164 1461335982862222926 
skb_id: 1461335982859646394 1461335982859970746 
end_cmd
cmd: set 000000000000000000000000000003 0 0 16384
timestamp_user: (begin,end)  1461335982862657379 1461335982863036342
overhead_delete_id_cmd: ((begin,end),...) 1461335982862659715 1461335982862662205 
overhead_delete_id_move: ((begin,end),...) 1461335982862763420 1461335982863008253 
skb_id: 1461335982859970746 1461335982860887162 
end_cmd
cmd: set 000000000000000000000000000003 0 0 16384
timestamp_user: (begin,end)  1461335982863038315 1461335982863104050
overhead_delete_id_cmd: ((begin,end),...) 1461335982863039042 1461335982863039735 
overhead_delete_id_data: ((begin,end),...) 1461335982863055066 
skb_id: 1461335982860887162 
end_cmd
cmd: get 000000000000000000000000000004
timestamp_user: (begin,end)  1461335985256637917 1461335985256837991
overhead_delete_id_cmd: ((begin,end),...) 1461335985256641682 1461335985256672716 
skb_id: 1461335985256510861 
end_cmd
cmd: get 000000000000000000000000000001
timestamp_user: (begin,end)  1461335985897643898 1461335985897764342
overhead_delete_id_cmd: ((begin,end),...) 1461335985897647046 1461335985897671560 
skb_id: 1461335985897591610 
end_cmd
cmd: get 000000000000000000000000000001
timestamp_user: (begin,end)  1461335986082431945 1461335986082556364
overhead_delete_id_cmd: ((begin,end),...) 1461335986082435635 1461335986082472674 
skb_id: 1461335986082330986 
end_cmd
cmd: get 000000000000000000000000000004
timestamp_user: (begin,end)  1461335986669236810 1461335986669397891
overhead_delete_id_cmd: ((begin,end),...) 1461335986669240236 1461335986669244984 
skb_id: 1461335986669148812 
end_cmd
