cmd: set 000000000000000000000000000000 0 0 16384
timestamp_user: (begin,end)  1461342866921020879 1461342866921978691
overhead_delete_id_cmd: ((begin,end),...) 1461342866921038750 1461342866921043579 
overhead_delete_id_data: ((begin,end),...) 1461342866921819996 
skb_id: 1461342866920950950 1461342866921006715 
end_cmd
cmd: set 000000000000000000000000000001 0 0 16384
timestamp_user: (begin,end)  1461342866922370813 1461342866922625199
overhead_delete_id_cmd: ((begin,end),...) 1461342866922372806 1461342866922376121 
overhead_delete_id_move: ((begin,end),...) 1461342866922455020 1461342866922594719 
skb_id: 1461342866921006715 1461342866921584607 
end_cmd
cmd: set 000000000000000000000000000002 0 0 16384
timestamp_user: (begin,end)  1461342866922626649 1461342866922882172
overhead_delete_id_cmd: ((begin,end),...) 1461342866922627104 1461342866922628574 
overhead_delete_id_data: ((begin,end),...) 1461342866922852211 
overhead_delete_id_move: ((begin,end),...) 1461342866922706359 1461342866922839616 
skb_id: 1461342866921584607 1461342866922157909 
end_cmd
cmd: set 000000000000000000000000000003 0 0 16384
timestamp_user: (begin,end)  1461342866923096810 1461342866923333913
overhead_delete_id_cmd: ((begin,end),...) 1461342866923098635 1461342866923101370 
overhead_delete_id_move: ((begin,end),...) 1461342866923177420 1461342866923311009 
skb_id: 1461342866922157909 
end_cmd
cmd: set 000000000000000000000000000004 0 0 16384
timestamp_user: (begin,end)  1461342866923335578 1461342866923583274
overhead_delete_id_cmd: ((begin,end),...) 1461342866923336028 1461342866923337521 
overhead_delete_id_data: ((begin,end),...) 1461342866923556638 
overhead_delete_id_move: ((begin,end),...) 1461342866923410970 1461342866923549719 
skb_id: 1461342866922157909 1461342866922663855 
end_cmd
cmd: get 000000000000000000000000000004
timestamp_user: (begin,end)  1461342869317130982 1461342869317301280
overhead_delete_id_cmd: ((begin,end),...) 1461342869317134523 1461342869317139289 
skb_id: 1461342869317085377 
end_cmd
cmd: get 000000000000000000000000000001
timestamp_user: (begin,end)  1461342869958144528 1461342869958286347
overhead_delete_id_cmd: ((begin,end),...) 1461342869958147900 1461342869958153286 
skb_id: 1461342869958094173 
end_cmd
cmd: get 000000000000000000000000000001
timestamp_user: (begin,end)  1461342870142919647 1461342870143089546
overhead_delete_id_cmd: ((begin,end),...) 1461342870142923502 1461342870142927356 
skb_id: 1461342870142871600 
end_cmd
cmd: get 000000000000000000000000000004
timestamp_user: (begin,end)  1461342870729712084 1461342870729872628
overhead_delete_id_cmd: ((begin,end),...) 1461342870729715571 1461342870729719837 
skb_id: 1461342870729663103 
end_cmd
